Auto-login check: true Seconds since last login: 84317
Showing login window...
UserManager using user data file path: "C:/Programming/c++/VaultLogix/build/Desktop_Qt_6_5_3_MinGW_64_bit-Debug/release/data/user.json"
Auto-login check: false Seconds since last login: 0
Showing login window...
UserManager using user data file path: "C:/Programming/c++/VaultLogix/build/Desktop_Qt_6_5_3_MinGW_64_bit-Debug/release/data/user.json"
Auto-login check: false Seconds since last login: 0
Showing login window...
UserManager using user data file path: "C:/Programming/c++/VaultLogix/build/Desktop_Qt_6_5_3_MinGW_64_bit-Debug/release/data/user.json"
Auto-login check: false Seconds since last login: 0
Showing login window...
UserManager using user data file path: "C:/Programming/c++/VaultLogix/build/Desktop_Qt_6_5_3_MinGW_64_bit-Debug/release/data/user.json"
Auto-login check: false Seconds since last login: 0
Showing login window...
UserManager using user data file path: "C:/Programming/c++/VaultLogix/build/Desktop_Qt_6_5_3_MinGW_64_bit-Debug/release/data/user.json"
Auto-login check: false Seconds since last login: 0
Showing login window...
UserManager using user data file path: "C:/Programming/c++/VaultLogix/build/Desktop_Qt_6_5_3_MinGW_64_bit-Debug/release/data/user.json"
Auto-login check: true Seconds since last login: 3
Logging in automatically for user: "banana"
UserManager using user data file path: "C:/Programming/c++/VaultLogix/build/Desktop_Qt_6_5_3_MinGW_64_bit-Debug/release/data/user.json"
Auto-login check: true Seconds since last login: 128
Logging in automatically for user: "banana"
UserManager using user data file path: "C:/Programming/c++/VaultLogix/build/Desktop_Qt_6_5_3_MinGW_64_bit-Debug/release/data/user.json"
Auto-login check: true Seconds since last login: 442
Logging in automatically for user: "banana"
UserManager using user data file path: "C:/Programming/c++/VaultLogix/build/Desktop_Qt_6_5_3_MinGW_64_bit-Debug/release/data/user.json"
Auto-login check: true Seconds since last login: 4741
Showing login window...
UserManager using user data file path: "C:/Programming/c++/VaultLogix/build/Desktop_Qt_6_5_3_MinGW_64_bit-Debug/release/data/user.json"
Auto-login check: true Seconds since last login: 8396
Showing login window...
UserManager using user data file path: "C:/Programming/c++/VaultLogix/build/Desktop_Qt_6_5_3_MinGW_64_bit-Debug/release/data/user.json"
Auto-login check: false Seconds since last login: 0
Showing login window...
UserManager using user data file path: "C:/Programming/c++/VaultLogix/build/Desktop_Qt_6_5_3_MinGW_64_bit-Debug/release/data/user.json"
Auto-login check: false Seconds since last login: 0
Showing login window...
UserManager using user data file path: "C:/Programming/c++/VaultLogix/build/Desktop_Qt_6_5_3_MinGW_64_bit-Debug/release/data/user.json"
Failed to open styles.qss file
Auto-login check: true Seconds since last login: 1190
Logging in automatically for user: "banana"
UserManager using user data file path: "C:/Programming/c++/VaultLogix/build/Desktop_Qt_6_5_3_MinGW_64_bit-Debug/release/data/user.json"
Failed to open styles.qss file
Auto-login check: true Seconds since last login: 1325
Logging in automatically for user: "banana"
UserManager using user data file path: "C:/Programming/c++/VaultLogix/build/Desktop_Qt_6_5_3_MinGW_64_bit-Debug/release/data/user.json"
Failed to open styles.qss file
Auto-login check: true Seconds since last login: 1350
Logging in automatically for user: "banana"
UserManager using user data file path: "C:/Programming/c++/VaultLogix/build/Desktop_Qt_6_5_3_MinGW_64_bit-Debug/release/data/user.json"
Failed to open styles.qss file
Auto-login check: true Seconds since last login: 1380
Logging in automatically for user: "banana"
UserManager using user data file path: "C:/Programming/c++/VaultLogix/build/Desktop_Qt_6_5_3_MinGW_64_bit-Debug/release/data/user.json"
Failed to open styles.qss file
Auto-login check: true Seconds since last login: 1396
Logging in automatically for user: "banana"
UserManager using user data file path: "C:/Programming/c++/VaultLogix/build/Desktop_Qt_6_5_3_MinGW_64_bit-Debug/release/data/user.json"
Failed to open styles.qss file
Auto-login check: true Seconds since last login: 1475
Logging in automatically for user: "banana"
UserManager using user data file path: "C:/Programming/c++/VaultLogix/build/Desktop_Qt_6_5_3_MinGW_64_bit-Debug/release/data/user.json"
Failed to open styles.qss file
Auto-login check: true Seconds since last login: 1511
Logging in automatically for user: "banana"
UserManager using user data file path: "C:/Programming/c++/VaultLogix/build/Desktop_Qt_6_5_3_MinGW_64_bit-Debug/release/data/user.json"
Failed to open styles.qss file
Auto-login check: true Seconds since last login: 1522
Logging in automatically for user: "banana"
UserManager using user data file path: "C:/Programming/c++/VaultLogix/build/Desktop_Qt_6_5_3_MinGW_64_bit-Debug/release/data/user.json"
Auto-login check: true Seconds since last login: 2349
Logging in automatically for user: "banana"
UserManager using user data file path: "C:/Programming/c++/VaultLogix/build/Desktop_Qt_6_5_3_MinGW_64_bit-Debug/release/data/user.json"
Could not open the QSS file
Could not open the QSS file
Could not open the QSS file
Could not open the QSS file
Could not open the QSS file
Could not open the QSS file
Could not open the QSS file
Could not open the QSS file
Could not open the QSS file
Could not open the QSS file
Could not open the QSS file
Auto-login check: true Seconds since last login: 2618
Logging in automatically for user: "banana"
UserManager using user data file path: "C:/Programming/c++/VaultLogix/build/Desktop_Qt_6_5_3_MinGW_64_bit-Debug/release/data/user.json"
Could not open the QSS file
Could not open the QSS file
Could not open the QSS file
Could not open the QSS file
Could not open the QSS file
Auto-login check: true Seconds since last login: 2668
Logging in automatically for user: "banana"
UserManager using user data file path: "C:/Programming/c++/VaultLogix/build/Desktop_Qt_6_5_3_MinGW_64_bit-Debug/release/data/user.json"
Could not open the QSS file
Auto-login check: true Seconds since last login: 2700
Logging in automatically for user: "banana"
UserManager using user data file path: "C:/Programming/c++/VaultLogix/build/Desktop_Qt_6_5_3_MinGW_64_bit-Debug/release/data/user.json"
Could not open the QSS file
Could not open the QSS file
Could not open the QSS file
Could not open the QSS file
Auto-login check: true Seconds since last login: 3106
Logging in automatically for user: "banana"
UserManager using user data file path: "C:/Programming/c++/VaultLogix/build/Desktop_Qt_6_5_3_MinGW_64_bit-Debug/release/data/user.json"
Auto-login check: true Seconds since last login: 3139
Logging in automatically for user: "banana"
UserManager using user data file path: "C:/Programming/c++/VaultLogix/build/Desktop_Qt_6_5_3_MinGW_64_bit-Debug/release/data/user.json"
Auto-login check: true Seconds since last login: 4159
Showing login window...
Budget loaded:  50000
UserManager using user data file path: "C:/Programming/c++/VaultLogix/build/Desktop_Qt_6_5_3_MinGW_64_bit-Debug/release/data/user.json"
Budget after adding:  70000
Could not open budget file for writing.
Auto-login check: false Seconds since last login: 0
Showing login window...
Budget loaded:  50000
UserManager using user data file path: "C:/Programming/c++/VaultLogix/build/Desktop_Qt_6_5_3_MinGW_64_bit-Debug/release/data/user.json"
Auto-login check: false Seconds since last login: 0
Showing login window...
Could not open budget file for reading.
UserManager using user data file path: "C:/Programming/c++/VaultLogix/build/Desktop_Qt_6_5_3_MinGW_64_bit-Debug/release/data/user.json"
Budget after deducting:  49000
Could not open budget file for writing.
Budget after adding:  54000
Could not open budget file for writing.
Auto-login check: true Seconds since last login: 36
Logging in automatically for user: "banana"
Could not open budget file for reading.
UserManager using user data file path: "C:/Programming/c++/VaultLogix/build/Desktop_Qt_6_5_3_MinGW_64_bit-Debug/release/data/user.json"
Auto-login check: true Seconds since last login: 127
Logging in automatically for user: "banana"
Budget file path: "C:/Programming/c++/VaultLogix/build/Desktop_Qt_6_5_3_MinGW_64_bit-Debug/release\\budget.json"
Failed to load budget or file does not exist.
UserManager using user data file path: "C:/Programming/c++/VaultLogix/build/Desktop_Qt_6_5_3_MinGW_64_bit-Debug/release/data/user.json"
Budget saved: 90000
Auto-login check: true Seconds since last login: 143
Logging in automatically for user: "banana"
Budget file path: "C:/Programming/c++/VaultLogix/build/Desktop_Qt_6_5_3_MinGW_64_bit-Debug/release\\budget.json"
Budget loaded: 90000
UserManager using user data file path: "C:/Programming/c++/VaultLogix/build/Desktop_Qt_6_5_3_MinGW_64_bit-Debug/release/data/user.json"
Budget saved: 89000
Auto-login check: true Seconds since last login: 160
Logging in automatically for user: "banana"
Budget file path: "C:/Programming/c++/VaultLogix/build/Desktop_Qt_6_5_3_MinGW_64_bit-Debug/release\\budget.json"
Budget loaded: 89000
UserManager using user data file path: "C:/Programming/c++/VaultLogix/build/Desktop_Qt_6_5_3_MinGW_64_bit-Debug/release/data/user.json"
Auto-login check: true Seconds since last login: 444
Logging in automatically for user: "banana"
Budget file path: "C:/Programming/c++/VaultLogix/build/Desktop_Qt_6_5_3_MinGW_64_bit-Debug/release\\budget.json"
Budget loaded: 89000
UserManager using user data file path: "C:/Programming/c++/VaultLogix/build/Desktop_Qt_6_5_3_MinGW_64_bit-Debug/release/data/user.json"
Auto-login check: true Seconds since last login: 474
Logging in automatically for user: "banana"
Budget file path: "C:/Programming/c++/VaultLogix/build/Desktop_Qt_6_5_3_MinGW_64_bit-Debug/release\\budget.json"
Budget loaded: 89000
UserManager using user data file path: "C:/Programming/c++/VaultLogix/build/Desktop_Qt_6_5_3_MinGW_64_bit-Debug/release/data/user.json"
Auto-login check: true Seconds since last login: 680
Logging in automatically for user: "banana"
Budget file path: "C:/Programming/c++/VaultLogix/build/Desktop_Qt_6_5_3_MinGW_64_bit-Debug/release\\budget.json"
Budget loaded: 89000
UserManager using user data file path: "C:/Programming/c++/VaultLogix/build/Desktop_Qt_6_5_3_MinGW_64_bit-Debug/release/data/user.json"
Auto-login check: true Seconds since last login: 714
Logging in automatically for user: "banana"
Budget file path: "C:/Programming/c++/VaultLogix/build/Desktop_Qt_6_5_3_MinGW_64_bit-Debug/release\\budget.json"
Budget loaded: 89000
UserManager using user data file path: "C:/Programming/c++/VaultLogix/build/Desktop_Qt_6_5_3_MinGW_64_bit-Debug/release/data/user.json"
Auto-login check: true Seconds since last login: 1503
Logging in automatically for user: "banana"
Budget file path: "C:/Programming/c++/VaultLogix/build/Desktop_Qt_6_5_3_MinGW_64_bit-Debug/release\\budget.json"
Budget loaded: 89000
UserManager using user data file path: "C:/Programming/c++/VaultLogix/build/Desktop_Qt_6_5_3_MinGW_64_bit-Debug/release/data/user.json"
Auto-login check: true Seconds since last login: 1830
Logging in automatically for user: "banana"
Budget file path: "C:/Programming/c++/VaultLogix/build/Desktop_Qt_6_5_3_MinGW_64_bit-Debug/release\\budget.json"
Budget loaded: 89000
UserManager using user data file path: "C:/Programming/c++/VaultLogix/build/Desktop_Qt_6_5_3_MinGW_64_bit-Debug/release/data/user.json"
Auto-login check: true Seconds since last login: 7734
Showing login window...
Budget file path: "C:/Programming/c++/VaultLogix/build/Desktop_Qt_6_5_3_MinGW_64_bit-Debug/release\\budget.json"
Budget loaded: 89000
UserManager using user data file path: "C:/Programming/c++/VaultLogix/build/Desktop_Qt_6_5_3_MinGW_64_bit-Debug/release/data/user.json"
Auto-login check: false Seconds since last login: 0
Showing login window...
Budget file path: "C:/Programming/c++/VaultLogix/build/Desktop_Qt_6_5_3_MinGW_64_bit-Debug/release\\budget.json"
Budget loaded: 89000
UserManager using user data file path: "C:/Programming/c++/VaultLogix/build/Desktop_Qt_6_5_3_MinGW_64_bit-Debug/release/data/user.json"
Auto-login check: false Seconds since last login: 0
Showing login window...
Budget file path: "C:/Programming/c++/VaultLogix/build/Desktop_Qt_6_5_3_MinGW_64_bit-Debug/release\\budget.json"
Budget loaded: 89000
UserManager using user data file path: "C:/Programming/c++/VaultLogix/build/Desktop_Qt_6_5_3_MinGW_64_bit-Debug/release/data/user.json"
Budget saved: 87500
Budget saved: 87800
Budget saved: 87700
Budget saved: 88000
Budget saved: 88300
Auto-login check: false Seconds since last login: 0
Showing login window...
Budget file path: "C:/Programming/c++/VaultLogix/build/Desktop_Qt_6_5_3_MinGW_64_bit-Debug/release\\budget.json"
Budget loaded: 88300
UserManager using user data file path: "C:/Programming/c++/VaultLogix/build/Desktop_Qt_6_5_3_MinGW_64_bit-Debug/release/data/user.json"
Auto-login check: false Seconds since last login: 0
Showing login window...
Budget file path: "C:/Programming/c++/VaultLogix/build/Desktop_Qt_6_5_3_MinGW_64_bit-Debug/release\\budget.json"
Budget loaded: 88300
UserManager using user data file path: "C:/Programming/c++/VaultLogix/build/Desktop_Qt_6_5_3_MinGW_64_bit-Debug/release/data/user.json"
Auto-login check: false Seconds since last login: 0
Showing login window...
Budget file path: "C:/Programming/c++/VaultLogix/build/Desktop_Qt_6_5_3_MinGW_64_bit-Debug/release\\budget.json"
Budget loaded: 88300
UserManager using user data file path: "C:/Programming/c++/VaultLogix/build/Desktop_Qt_6_5_3_MinGW_64_bit-Debug/release/data/user.json"
Budget saved: 50000
